2023-03-16 14:37:02,497 automl_forecast main.py main set_logger INFO: logger 세팅
2023-03-16 14:37:02,497 automl_forecast input_data.py input_data read_data INFO: csv 데이터 불러오기
2023-03-16 14:37:02,497 automl_forecast input_data.py input_data read_data INFO: storage/data/Walmart.csv
2023-03-16 14:37:02,531 automl_forecast input_data.py input_data read_data INFO: 변수 분리 시작
2023-03-16 14:37:02,534 automl_forecast input_data.py input_data reduce_mem_usage INFO: 데이터 구성: 6435 행, 8열
2023-03-16 14:37:02,535 automl_forecast input_data.py input_data reduce_mem_usage INFO: Memory usage of dataframe is 0.39MB
2023-03-16 14:37:02,541 automl_forecast input_data.py input_data reduce_mem_usage INFO: Memory usage after optimization is: 0.10MB
2023-03-16 14:37:02,542 automl_forecast input_data.py input_data reduce_mem_usage INFO: Decreased by 73.7%
2023-03-16 14:37:02,544 automl_forecast preprocess.py preprocess na_preprocess INFO: 결측치 처리
2023-03-16 14:37:02,545 automl_forecast preprocess.py preprocess na_preprocess ERROR: 결측치 처리에 문제가 발생하였습니다
Traceback (most recent call last):
  File "C:\Users\dpapf\Desktop\automl_forecast\process\preprocess.py", line 56, in na_preprocess
    obj_data = df.loc[:, obj_var]
NameError: name 'obj_var' is not defined
2023-03-16 14:37:02,546 automl_forecast preprocess.py preprocess na_preprocess INFO: 결측치 처리 이후 데이터 구성: 6435 행, 8열
2023-03-16 14:37:02,546 automl_forecast preprocess.py preprocess tds_preprocess INFO: 전처리를 위한 target, date, store 분리
2023-03-16 14:37:02,548 automl_forecast preprocess.py preprocess standardize INFO: 정규화 진행
2023-03-16 14:37:02,580 automl_forecast preprocess.py preprocess label_encoder INFO: 라벨 인코딩 진행
2023-03-16 14:37:02,581 automl_forecast preprocess.py preprocess get_df INFO: 전처리 완료
2023-03-16 14:37:02,582 automl_forecast preprocess.py preprocess get_df INFO: 

2023-03-16 14:37:02,582 automl_forecast preprocess.py preprocess get_df INFO:    Temperature  Fuel_Price       CPI  Unemployment  Holiday_Flag  \
0    -0.995605   -1.712891  1.004883      0.058716     -0.274170   
1    -1.202148   -1.763672  1.007812      0.058716      3.646484   
2    -1.124023   -1.840820  1.007812      0.058716     -0.274170   
3    -0.761230   -1.738281  1.010742      0.058716     -0.274170   
4    -0.768066   -1.597656  1.010742      0.058716     -0.274170   

   Weekly_Sales        Date  Store  
0   1643690.875  05-02-2010      1  
1   1641957.500  12-02-2010      1  
2   1611968.125  19-02-2010      1  
3   1409727.625  26-02-2010      1  
4   1554806.625  05-03-2010      1  
2023-03-16 14:37:02,592 automl_forecast preprocess.py preprocess ts_preprocess INFO: 시계열용 전처리 진행
2023-03-16 14:37:02,774 automl_forecast preprocess.py preprocess ts_preprocess INFO: 시계열 전처리 후 df
2023-03-16 14:37:02,775 automl_forecast preprocess.py preprocess ts_preprocess INFO:    Temperature  Fuel_Price       CPI  Unemployment  Holiday_Flag  \
0     0.607910   -1.644531  1.017578     -0.085022      -0.27417   
1     0.087708   -1.393555  0.998047     -0.101624      -0.27417   
2     1.098633   -1.500000  1.007812     -0.114136      -0.27417   
3    -1.124023   -1.840820  1.007812      0.058716      -0.27417   
4    -0.761230   -1.738281  1.010742      0.058716      -0.27417   

   Weekly_Sales       Date Store  dummy  time_idx week  
0   1453329.500 2010-01-10     1  dummy         0    1  
1   1594968.250 2010-02-04     1  dummy         1    5  
2   1492418.125 2010-02-07     1  dummy         2    5  
3   1611968.125 2010-02-19     1  dummy         3    7  
4   1409727.625 2010-02-26     1  dummy         4    8  
2023-03-16 14:37:02,791 automl_forecast modeling.py modeling ari_fit_predict INFO: arima 데이터 준비
2023-03-16 14:37:02,792 automl_forecast modeling.py modeling ari_fit_predict INFO: arima 모델링 시작
2023-03-16 14:37:59,229 automl_forecast modeling.py modeling tft_fit_predict INFO: tft 데이터 준비
2023-03-16 14:37:59,230 automl_forecast modeling.py modeling tft_fit_predict INFO: tft 데이터 전처리
2023-03-16 14:37:59,237 automl_forecast modeling.py modeling tft_fit_predict INFO: tft dataloader 세팅
2023-03-16 14:37:59,601 automl_forecast modeling.py modeling tft_fit_predict INFO: tft learning rate 설정
2023-03-16 14:38:26,156 automl_forecast modeling.py modeling tft_fit_predict INFO: tft 학습
2023-03-16 14:38:40,558 automl_forecast modeling.py modeling tft_fit_predict INFO: 훈련, 검증 데이터 프레임 생성
2023-03-16 14:38:40,648 automl_forecast modeling.py modeling tft_fit_predict INFO: 예측 데이터 프레임 생성
2023-03-16 14:38:40,874 automl_forecast modeling.py modeling get_best_model INFO: Auto ML 가동
2023-03-16 14:38:40,876 automl_forecast modeling.py modeling get_best_model INFO: automl_score:{'MAPE': {'ari': 5.561}, 'MAE': {'ari': 57709.88}, 'MSE': {'ari': 7467576385.328}, 'RMSE': {'ari': 86415.14}, '상관계수': {'ari': 0.974}, '정확성': {'ari': 94.439}}
2023-03-16 14:38:40,876 automl_forecast modeling.py modeling get_best_model INFO: best_model_name: ari
2023-03-16 14:38:40,876 automl_forecast modeling.py modeling get_best_model INFO: best 모델 저장
2023-03-16 14:38:40,876 automl_forecast modeling.py modeling get_best_model INFO:  ARIMA(2,1,2)(0,0,0)[0] intercept
2023-03-16 14:38:40,915 automl_forecast modeling.py modeling make_report INFO: 학습 결과를 위한 결과물 생성
2023-03-16 14:38:40,917 automl_forecast modeling.py modeling get_eval INFO: best 모델 및 전체 모델 검증치 추출
